2025-05-14 23:41:56,913 - __main__ - INFO - Start print log
2025-05-14 23:41:56,913 - __main__ - WARNING - Something maybe fail.
2025-05-14 23:41:56,913 - __main__ - INFO - Finish
2025-05-15 00:09:47,432 - SetupLogger - INFO - Config Foldermkdir success!
2025-05-15 00:09:47,432 - SetupLogger - INFO - Log Foldermkdir success!
2025-05-15 00:13:08,309 - SetupLogger - INFO - Config Foldermkdir skipped.
2025-05-15 00:13:08,309 - SetupLogger - INFO - Log Foldermkdir skipped.
2025-05-15 00:15:24,573 - SetupLogger - INFO - Config Foldermkdir skipped.
2025-05-15 00:15:24,573 - SetupLogger - INFO - Log Foldermkdir skipped.
2025-05-15 00:16:02,648 - SetupLogger - INFO - Config Foldermkdir skipped.
2025-05-15 00:16:02,648 - SetupLogger - INFO - Log Foldermkdir skipped.
2025-05-15 15:28:30,442 - SetupLogger - INFO - Config Foldermkdir skipped.
2025-05-15 15:28:30,442 - SetupLogger - INFO - Log Foldermkdir skipped.
2025-05-15 15:29:20,005 - SetupLogger - INFO - Config Foldermkdir skipped.
2025-05-15 15:29:20,006 - SetupLogger - INFO - Log Foldermkdir skipped.
2025-05-15 15:32:07,056 - SetupLogger - INFO - Config Foldermkdir skipped.
2025-05-15 15:32:07,056 - SetupLogger - INFO - Log Foldermkdir skipped.
2025-05-15 15:34:17,782 - SetupLogger - INFO - Config Foldermkdir skipped.
2025-05-15 15:34:17,782 - SetupLogger - INFO - Log Foldermkdir skipped.
2025-05-15 15:36:35,891 - SetupLogger - INFO - Config Foldermkdir skipped.
2025-05-15 15:36:35,891 - SetupLogger - INFO - Log Foldermkdir skipped.
2025-05-15 15:36:35,898 - SetupLogger - INFO - Config Generatedmakefile success!
2025-05-15 15:37:39,350 - SetupLogger - INFO - Config Foldermkdir skipped.
2025-05-15 15:37:39,350 - SetupLogger - INFO - Log Foldermkdir skipped.
2025-05-15 15:37:39,350 - SetupLogger - INFO - Config Generatedmakefile success!
2025-05-15 15:42:23,998 - SetupLogger - INFO - Starting Setup
2025-05-15 15:42:23,999 - SetupLogger - INFO - Config Foldermkdir skipped.
2025-05-15 15:42:23,999 - SetupLogger - INFO - Log Foldermkdir skipped.
2025-05-15 15:42:23,999 - SetupLogger - INFO - Config Generatedmakefile success!
2025-05-15 22:29:52,519 - SetupLogger - INFO - Starting Setup
2025-05-15 22:29:52,520 - SetupLogger - INFO - Config Foldermkdir skipped.
2025-05-15 22:29:52,520 - SetupLogger - INFO - Log Foldermkdir skipped.
2025-05-15 22:29:52,520 - SetupLogger - INFO - Config Generatedmakefile success!
2025-05-15 22:30:12,703 - SetupLogger - INFO - Starting Setup
2025-05-15 22:30:12,703 - SetupLogger - INFO - Config Foldermkdir skipped.
2025-05-15 22:30:12,707 - SetupLogger - INFO - Log Foldermkdir skipped.
2025-05-15 22:30:12,707 - SetupLogger - INFO - Config Generatedmakefile success!
2025-05-15 22:57:39,299 - SetupLogger - INFO - Starting Setup
2025-05-15 22:57:39,299 - SetupLogger - INFO - Config Foldermkdir skipped.
2025-05-15 22:57:39,299 - SetupLogger - INFO - Log Foldermkdir skipped.
2025-05-15 22:57:39,299 - SetupLogger - INFO - Config Generatedmakefile success!
2025-05-15 22:57:48,157 - SetupLogger - INFO - Starting Setup
2025-05-15 22:57:48,157 - SetupLogger - INFO - Config Foldermkdir skipped.
2025-05-15 22:57:48,157 - SetupLogger - INFO - Log Foldermkdir skipped.
2025-05-15 22:57:48,157 - SetupLogger - INFO - Config Generatedmakefile success!
2025-05-16 16:27:31,449 - SetupLogger - INFO - Starting Setup
2025-05-16 16:27:31,449 - SetupLogger - INFO - Config Foldermkdir skipped.
2025-05-16 16:27:31,449 - SetupLogger - INFO - Log Foldermkdir skipped.
2025-05-16 16:27:31,450 - SetupLogger - INFO - Config Generatedmakefile success!
2025-05-16 16:39:23,393 - SetupLogger - INFO - Starting Setup
2025-05-16 16:39:23,393 - SetupLogger - INFO - Config Foldermkdir skipped.
2025-05-16 16:39:23,393 - SetupLogger - INFO - Log Foldermkdir skipped.
2025-05-16 16:39:23,394 - SetupLogger - INFO - Config Generatedmakefile success!
2025-05-16 17:03:30,240 - SetupLogger - INFO - Starting Setup
2025-05-16 17:03:30,241 - SetupLogger - INFO - Config Foldermkdir skipped.
2025-05-16 17:03:30,241 - SetupLogger - INFO - Log Foldermkdir skipped.
2025-05-16 17:03:30,241 - SetupLogger - INFO - Config Generatedmakefile success!
